<?xml version="1.0" encoding="UTF-8"?>
<testng-results skipped="0" failed="0" total="1" passed="1">
  <reporter-output>
  </reporter-output>
  <suite name="Default suite" duration-ms="10495" started-at="2020-07-13T08:46:21Z" finished-at="2020-07-13T08:46:31Z">
    <groups>
    </groups>
    <test name="Default test" duration-ms="10495" started-at="2020-07-13T08:46:21Z" finished-at="2020-07-13T08:46:31Z">
      <class name="com.trello.workflow.CreateBoardTests">
        <test-method status="PASS" signature="setup()[pri:0, instance:com.trello.workflow.CreateBoardTests@5ba23b66]" name="setup" is-config="true" duration-ms="923" started-at="2020-07-13T14:16:21Z" finished-at="2020-07-13T14:16:22Z">
          <reporter-output>
          </reporter-output>
        </test-method> <!-- setup -->
        <test-method status="PASS" signature="createBoardWithCustomLists()[pri:0, instance:com.trello.workflow.CreateBoardTests@5ba23b66]" name="createBoardWithCustomLists" duration-ms="9555" started-at="2020-07-13T14:16:22Z" finished-at="2020-07-13T14:16:31Z">
          <reporter-output>
          </reporter-output>
        </test-method> <!-- createBoardWithCustomLists -->
        <test-method status="PASS" signature="teardown()[pri:0, instance:com.trello.workflow.CreateBoardTests@5ba23b66]" name="teardown" is-config="true" duration-ms="1" started-at="2020-07-13T14:16:31Z" finished-at="2020-07-13T14:16:31Z">
          <reporter-output>
          </reporter-output>
        </test-method> <!-- teardown -->
      </class> <!-- com.trello.workflow.CreateBoardTests -->
    </test> <!-- Default test -->
  </suite> <!-- Default suite -->
</testng-results>
