<?xml version="1.0" encoding="UTF-8"?>
<!-- Generated by org.testng.reporters.JUnitXMLReporter -->
<testsuite hostname="XIPL9166" name="Board_Tests" tests="5" failures="1" timestamp="13 Jul 2020 08:13:37 GMT" time="24.928" errors="0">
  <testcase name="createBoardWithCustomCards" time="10.113" classname="com.trello.workflow.CreateBoardTests"/>
  <testcase name="createBoardWithCustomLists" time="5.808" classname="com.trello.workflow.CreateBoardTests">
    <failure type="java.lang.AssertionError" message="expected [List_Maxwell Kertzmann] but found [List_Harris Sawayn]">
      <![CDATA[java.lang.AssertionError: expected [List_Maxwell Kertzmann] but found [List_Harris Sawayn]
	at com.trello.workflow.CreateBoardTests.createBoardWithCustomLists(CreateBoardTests.java:67)
... Removed 30 stack frames]]>
    </failure>
  </testcase> <!-- createBoardWithCustomLists -->
  <testcase name="createBoardWithDefaultLists" time="2.818" classname="com.trello.workflow.CreateBoardTests"/>
  <testcase name="createBoardWithoutDefaultLists" time="2.555" classname="com.trello.workflow.CreateBoardTests"/>
  <testcase name="updateNameOfBoard" time="2.563" classname="com.trello.workflow.UpdateBoardsTests"/>
</testsuite> <!-- Board_Tests -->
